[35m[Appium][39m Welcome to Appium v2.4.1
[35m[Appium][39m Non-default server args:
[35m[Appium][39m { basePath: [32m'/wd/hub'[39m, loglevel: [32m'info'[39m, port: [33m65268[39m }
[35m[Appium][39m Attempting to load driver chromium...
[35m[Appium][39m Attempting to load driver uiautomator2...
[35m[Appium][39m Attempting to load driver mac2...
[Appium] Attempting to load driver espresso...
[Appium] Appium REST http interface listener started on http://0.0.0.0:65268/wd/hub
[Appium] You can provide the following URLs in your client code to connect to this server:
[Appium] 	http://127.0.0.1:65268/wd/hub (only accessible from the same host)
[Appium] 	http://192.168.1.3:65268/wd/hub
[Appium] Available drivers:
[Appium]   - chromium@1.3.5 (automationName 'Chromium')
[Appium]   - uiautomator2@2.42.1 (automationName 'UiAutomator2')
[Appium]   - mac2@1.10.2 (automationName 'Mac2')
[Appium]   - espresso@2.33.2 (automationName 'Espresso')
[Appium] No plugins have been installed. Use the "appium plugin" command to install the one(s) you want to use.
[38;5;0m[HTTP][0m [37m-->[39m [37mGET[39m [37m/wd/hub/status[39m
[38;5;0m[HTTP][0m {}
[38;5;0m[HTTP][0m <-- GET /wd/hub/status 200 3 ms - 110
[38;5;0m[HTTP][0m 
[38;5;0m[HTTP][0m [37m-->[39m [37mGET[39m [37m/wd/hub/status[39m
[38;5;0m[HTTP][0m {}
[38;5;0m[HTTP][0m <-- GET /wd/hub/status 200 1 ms - 110
[38;5;0m[HTTP][0m 
[38;5;0m[HTTP][0m [37m-->[39m [37mPOST[39m [37m/wd/hub/session[39m
[38;5;0m[HTTP][0m {"desiredCapabilities":{"appium:systemPort":65282,"appium:newCommandTimeout":1800,"appium:automationName":"uiautomator2","appium:fullReset":false,"appium:platformVersion":"11","appium:noReset":true,"appium:udid":"c43bca79","appium:autoGrantPermissions":true,"appium:platformName":"ANDROID","appium:deviceName":"Xiaomi Redmi Note 8 (Android 11)","platformName":"Android","appium:app":"/Users/hendrarg/Downloads/Login_App_for_Testing_v1.0_www.9apps.com_.apk"},"capabilities":{"firstMatch":[{"appium:app":"/Users/hendrarg/Downloads/Login_App_for_Testing_v1.0_www.9apps.com_.apk","appium:autoGrantPermissions":true,"appium:automationName":"uiautomator2","appium:deviceName":"Xiaomi Redmi Note 8 (Android 11)","appium:fullReset":false,"appium:newCommandTimeout":1800,"appium:noReset":true,"appium:platformName":"ANDROID","appium:platformVersion":"11","appium:systemPort":65282,"appium:udid":"c43bca79","platformName":"android"}]}}
[38;5;32m[BaseDriver][0m Ignoring capability 'appium:platformName=ANDROID' and using capability 'platformName=android'
[38;5;32m[BaseDriver][0m The capabilities ["platformName"] are standard capabilities and do not require "appium:" prefix
[Appium] Attempting to find matching driver for automationName 'uiautomator2' and platformName 'android'
[Appium] The 'uiautomator2' driver was installed and matched caps.
[Appium] Will require it at /Users/hendrarg/.appium/node_modules/appium-uiautomator2-driver
[38;5;16m[AppiumDriver@4f7f][0m Appium v2.4.1 creating new AndroidUiautomator2Driver (v2.42.1) session
[38;5;16m[AppiumDriver@4f7f][0m Checking BaseDriver versions for Appium and AndroidUiautomator2Driver
[38;5;16m[AppiumDriver@4f7f][0m Appium's BaseDriver version is 9.5.0
[38;5;16m[AppiumDriver@4f7f][0m AndroidUiautomator2Driver's BaseDriver version is 9.5.0
[38;5;48m[AndroidUiautomator2Driver@c17f (e12427b2)][0m Session created with session id: e12427b2-c3a7-4bda-a2e2-ce5b2c624d58
[38;5;32m[BaseDriver][0m Using local app '/Users/hendrarg/Downloads/Login_App_for_Testing_v1.0_www.9apps.com_.apk'
[38;5;64m[ADB][0m Found 1 'build-tools' folders under '/Users/hendrarg/.katalon/tools/android_sdk' (newest first):
[38;5;64m[ADB][0m     /Users/hendrarg/.katalon/tools/android_sdk/build-tools/29.0.3
[38;5;64m[ADB][0m Using 'adb' from '/Users/hendrarg/.katalon/tools/android_sdk/platform-tools/adb'
[38;5;80m[AndroidDriver][0m Retrieving device list
[38;5;80m[AndroidDriver][0m Using device: c43bca79
[38;5;64m[ADB][0m Using 'adb' from '/Users/hendrarg/.katalon/tools/android_sdk/platform-tools/adb'
[38;5;64m[ADB][0m Getting device platform version
[38;5;48m[AndroidUiautomator2Driver@c17f (e12427b2)][0m Relaxing hidden api policy
[38;5;64m[ADB][0m Package name: 'com.chikkanna.tgcloginapp'
[38;5;64m[ADB][0m Main activity name: 'com.chikkanna.tgcloginapp.LoginActivity'
[38;5;64m[ADB][0m Using 'apksigner.jar' from '/Users/hendrarg/.katalon/tools/android_sdk/build-tools/29.0.3/lib/apksigner.jar'
[38;5;64m[ADB][0m '/Users/hendrarg/.appium/node_modules/appium-uiautomator2-driver/node_modules/appium-uiautomator2-server/apks/appium-uiautomator2-server-debug-androidTest.apk' is signed with the default certificate
[38;5;64m[ADB][0m '/Users/hendrarg/.appium/node_modules/appium-uiautomator2-driver/node_modules/appium-uiautomator2-server/apks/appium-uiautomator2-server-v6.0.3.apk' is signed with the default certificate
[38;5;48m[AndroidUiautomator2Driver@c17f (e12427b2)][0m Server packages are not going to be (re)installed
[38;5;64m[ADB][0m Adding packages ["io.appium.settings","io.appium.uiautomator2.server","io.appium.uiautomator2.server.test"] to Doze whitelist
[38;5;64m[ADB][0m '/Users/hendrarg/Downloads/Login_App_for_Testing_v1.0_www.9apps.com_.apk' is signed with a non-default certificate
[38;5;64m[ADB][0m The application at '/Users/hendrarg/Downloads/Login_App_for_Testing_v1.0_www.9apps.com_.apk' will not be cached, because the device under test has confirmed the support of streamed installs
[38;5;64m[ADB][0m The installation of 'Login_App_for_Testing_v1.0_www.9apps.com_.apk' took 8494ms
[38;5;48m[AndroidUiautomator2Driver@c17f (e12427b2)][0m Starting UIAutomator2 server 6.0.3
[38;5;48m[AndroidUiautomator2Driver@c17f (e12427b2)][0m Using UIAutomator2 server from '/Users/hendrarg/.appium/node_modules/appium-uiautomator2-driver/node_modules/appium-uiautomator2-server/apks/appium-uiautomator2-server-v6.0.3.apk' and test from '/Users/hendrarg/.appium/node_modules/appium-uiautomator2-driver/node_modules/appium-uiautomator2-server/apks/appium-uiautomator2-server-debug-androidTest.apk'
[38;5;48m[AndroidUiautomator2Driver@c17f (e12427b2)][0m Waiting up to 30000ms for UiAutomator2 to be online...
[38;5;48m[AndroidUiautomator2Driver@c17f (e12427b2)][0m socket hang up
[38;5;48m[AndroidUiautomator2Driver@c17f (e12427b2)][0m socket hang up
[38;5;48m[AndroidUiautomator2Driver@c17f (e12427b2)][0m socket hang up
[38;5;48m[AndroidUiautomator2Driver@c17f (e12427b2)][0m socket hang up
[38;5;48m[AndroidUiautomator2Driver@c17f (e12427b2)][0m socket hang up
[38;5;48m[AndroidUiautomator2Driver@c17f (e12427b2)][0m Determined the downstream protocol as 'W3C'
[38;5;80m[AndroidDriver][0m Screen already unlocked, doing nothing
[38;5;48m[AndroidUiautomator2Driver@c17f (e12427b2)][0m Starting 'com.chikkanna.tgcloginapp/com.chikkanna.tgcloginapp.LoginActivity and waiting for 'com.chikkanna.tgcloginapp/com.chikkanna.tgcloginapp.LoginActivity'
[38;5;16m[AppiumDriver@4f7f][0m New AndroidUiautomator2Driver session created successfully, session e12427b2-c3a7-4bda-a2e2-ce5b2c624d58 added to master session list
[38;5;0m[HTTP][0m <-- POST /wd/hub/session 200 20210 ms - 1225
[38;5;0m[HTTP][0m 
[38;5;0m[HTTP][0m [37m-->[39m [37mGET[39m [37m/wd/hub/session/e12427b2-c3a7-4bda-a2e2-ce5b2c624d58[39m
[38;5;0m[HTTP][0m {}
[38;5;0m[HTTP][0m <-- GET /wd/hub/session/e12427b2-c3a7-4bda-a2e2-ce5b2c624d58 200 21 ms - 364
[38;5;0m[HTTP][0m 
[38;5;0m[HTTP][0m [37m-->[39m [37mGET[39m [37m/wd/hub/session/e12427b2-c3a7-4bda-a2e2-ce5b2c624d58[39m
[38;5;0m[HTTP][0m {}
[38;5;0m[HTTP][0m <-- GET /wd/hub/session/e12427b2-c3a7-4bda-a2e2-ce5b2c624d58 200 18 ms - 364
[38;5;0m[HTTP][0m 
[38;5;0m[HTTP][0m [37m-->[39m [37mGET[39m [37m/wd/hub/status[39m
[38;5;0m[HTTP][0m {}
[38;5;0m[HTTP][0m <-- GET /wd/hub/status 200 1 ms - 110
[38;5;0m[HTTP][0m 
[38;5;0m[HTTP][0m [37m-->[39m [37mPOST[39m [37m/wd/hub/session/e12427b2-c3a7-4bda-a2e2-ce5b2c624d58/timeouts[39m
[38;5;0m[HTTP][0m {"implicit":60000}
[38;5;0m[HTTP][0m <-- POST /wd/hub/session/e12427b2-c3a7-4bda-a2e2-ce5b2c624d58/timeouts 200 2 ms - 14
[38;5;0m[HTTP][0m 
[38;5;0m[HTTP][0m [37m-->[39m [37mGET[39m [37m/wd/hub/session/e12427b2-c3a7-4bda-a2e2-ce5b2c624d58/source[39m
[38;5;0m[HTTP][0m {}
[38;5;48m[AndroidUiautomator2Driver@c17f (e12427b2)][0m Driver proxy active, passing request on via HTTP proxy
[38;5;48m[AndroidUiautomator2Driver@c17f (e12427b2)][0m Replacing sessionId 99e61484-8210-4750-bd91-03eaa526f2c8 with e12427b2-c3a7-4bda-a2e2-ce5b2c624d58
[38;5;0m[HTTP][0m <-- GET /wd/hub/session/e12427b2-c3a7-4bda-a2e2-ce5b2c624d58/source 200 390 ms - 7455
[38;5;0m[HTTP][0m 
[38;5;0m[HTTP][0m [37m-->[39m [37mGET[39m [37m/wd/hub/session/e12427b2-c3a7-4bda-a2e2-ce5b2c624d58/screenshot[39m
[38;5;0m[HTTP][0m {}
[38;5;0m[HTTP][0m <-- GET /wd/hub/session/e12427b2-c3a7-4bda-a2e2-ce5b2c624d58/screenshot 200 669 ms - 102732
[38;5;0m[HTTP][0m 
[38;5;0m[HTTP][0m [37m-->[39m [37mPOST[39m [37m/wd/hub/session/e12427b2-c3a7-4bda-a2e2-ce5b2c624d58/elements[39m
[38;5;0m[HTTP][0m {"using":"xpath","value":"//*[@class = 'android.widget.Button' and (@text = 'LOGIN' or . = 'LOGIN') and @resource-id = 'com.chikkanna.tgcloginapp:id/loginBtn']"}
[38;5;0m[HTTP][0m <-- POST /wd/hub/session/e12427b2-c3a7-4bda-a2e2-ce5b2c624d58/elements 200 631 ms - 139
[38;5;0m[HTTP][0m 
[38;5;0m[HTTP][0m [37m-->[39m [37mGET[39m [37m/wd/hub/session/e12427b2-c3a7-4bda-a2e2-ce5b2c624d58/window/rect[39m
[38;5;0m[HTTP][0m {}
[38;5;0m[HTTP][0m <-- GET /wd/hub/session/e12427b2-c3a7-4bda-a2e2-ce5b2c624d58/window/rect 200 19 ms - 50
[38;5;0m[HTTP][0m 
[38;5;0m[HTTP][0m [37m-->[39m [37mPOST[39m [37m/wd/hub/session/e12427b2-c3a7-4bda-a2e2-ce5b2c624d58/elements[39m
[38;5;0m[HTTP][0m {"using":"xpath","value":"//*[@class = 'android.widget.Button' and (@text = 'LOGIN' or . = 'LOGIN') and @resource-id = 'com.chikkanna.tgcloginapp:id/loginBtn']"}
[38;5;0m[HTTP][0m <-- POST /wd/hub/session/e12427b2-c3a7-4bda-a2e2-ce5b2c624d58/elements 200 91 ms - 139
[38;5;0m[HTTP][0m 
[38;5;0m[HTTP][0m [37m-->[39m [37mGET[39m [37m/wd/hub/session/e12427b2-c3a7-4bda-a2e2-ce5b2c624d58/element/00000000-0000-0053-ffff-ffff00000009/location[39m
[38;5;0m[HTTP][0m {}
[38;5;48m[AndroidUiautomator2Driver@c17f (e12427b2)][0m Driver proxy active, passing request on via HTTP proxy
[38;5;48m[AndroidUiautomator2Driver@c17f (e12427b2)][0m Replacing sessionId 99e61484-8210-4750-bd91-03eaa526f2c8 with e12427b2-c3a7-4bda-a2e2-ce5b2c624d58
[38;5;0m[HTTP][0m <-- GET /wd/hub/session/e12427b2-c3a7-4bda-a2e2-ce5b2c624d58/element/00000000-0000-0053-ffff-ffff00000009/location 200 27 ms - 78
[38;5;0m[HTTP][0m 
[38;5;0m[HTTP][0m [37m-->[39m [37mPOST[39m [37m/wd/hub/session/e12427b2-c3a7-4bda-a2e2-ce5b2c624d58/element/00000000-0000-0053-ffff-ffff00000009/click[39m
[38;5;0m[HTTP][0m {"id":"00000000-0000-0053-ffff-ffff00000009"}
[38;5;0m[HTTP][0m <-- POST /wd/hub/session/e12427b2-c3a7-4bda-a2e2-ce5b2c624d58/element/00000000-0000-0053-ffff-ffff00000009/click 200 88 ms - 14
[38;5;0m[HTTP][0m 
[38;5;0m[HTTP][0m [37m-->[39m [37mGET[39m [37m/wd/hub/session/e12427b2-c3a7-4bda-a2e2-ce5b2c624d58/source[39m
[38;5;0m[HTTP][0m {}
[38;5;48m[AndroidUiautomator2Driver@c17f (e12427b2)][0m Driver proxy active, passing request on via HTTP proxy
[38;5;48m[AndroidUiautomator2Driver@c17f (e12427b2)][0m Replacing sessionId 99e61484-8210-4750-bd91-03eaa526f2c8 with e12427b2-c3a7-4bda-a2e2-ce5b2c624d58
[38;5;0m[HTTP][0m <-- GET /wd/hub/session/e12427b2-c3a7-4bda-a2e2-ce5b2c624d58/source 200 191 ms - 7625
[38;5;0m[HTTP][0m 
[38;5;0m[HTTP][0m [37m-->[39m [37mGET[39m [37m/wd/hub/session/e12427b2-c3a7-4bda-a2e2-ce5b2c624d58/screenshot[39m
[38;5;0m[HTTP][0m {}
[38;5;0m[HTTP][0m <-- GET /wd/hub/session/e12427b2-c3a7-4bda-a2e2-ce5b2c624d58/screenshot 200 628 ms - 125332
[38;5;0m[HTTP][0m 
[38;5;0m[HTTP][0m [37m-->[39m [37mPOST[39m [37m/wd/hub/session/e12427b2-c3a7-4bda-a2e2-ce5b2c624d58/elements[39m
[38;5;0m[HTTP][0m {"using":"xpath","value":"//*[@class = 'android.view.ViewGroup' and (@text = '' or . = '')]"}
[38;5;0m[HTTP][0m <-- POST /wd/hub/session/e12427b2-c3a7-4bda-a2e2-ce5b2c624d58/elements 200 107 ms - 395
[38;5;0m[HTTP][0m 
[38;5;0m[HTTP][0m [37m-->[39m [37mPOST[39m [37m/wd/hub/session/e12427b2-c3a7-4bda-a2e2-ce5b2c624d58/elements[39m
[38;5;0m[HTTP][0m {"using":"-android uiautomator","value":"new UiSelector().className(\"android.view.ViewGroup\")"}
[38;5;0m[HTTP][0m <-- POST /wd/hub/session/e12427b2-c3a7-4bda-a2e2-ce5b2c624d58/elements 200 78 ms - 395
[38;5;0m[HTTP][0m 
[38;5;0m[HTTP][0m [37m-->[39m [37mPOST[39m [37m/wd/hub/session/e12427b2-c3a7-4bda-a2e2-ce5b2c624d58/elements[39m
[38;5;0m[HTTP][0m {"using":"xpath","value":"//*[@class = 'android.view.ViewGroup' and (@text = '' or . = '')]"}
[38;5;0m[HTTP][0m <-- POST /wd/hub/session/e12427b2-c3a7-4bda-a2e2-ce5b2c624d58/elements 200 123 ms - 395
[38;5;0m[HTTP][0m 
[38;5;0m[HTTP][0m [37m-->[39m [37mPOST[39m [37m/wd/hub/session/e12427b2-c3a7-4bda-a2e2-ce5b2c624d58/elements[39m
[38;5;0m[HTTP][0m {"using":"-android uiautomator","value":"new UiSelector().className(\"android.view.ViewGroup\")"}
[38;5;0m[HTTP][0m <-- POST /wd/hub/session/e12427b2-c3a7-4bda-a2e2-ce5b2c624d58/elements 200 115 ms - 395
[38;5;0m[HTTP][0m 
[38;5;0m[HTTP][0m [37m-->[39m [37mGET[39m [37m/wd/hub/session/e12427b2-c3a7-4bda-a2e2-ce5b2c624d58/source[39m
[38;5;0m[HTTP][0m {}
[38;5;48m[AndroidUiautomator2Driver@c17f (e12427b2)][0m Driver proxy active, passing request on via HTTP proxy
[38;5;48m[AndroidUiautomator2Driver@c17f (e12427b2)][0m Replacing sessionId 99e61484-8210-4750-bd91-03eaa526f2c8 with e12427b2-c3a7-4bda-a2e2-ce5b2c624d58
[38;5;0m[HTTP][0m <-- GET /wd/hub/session/e12427b2-c3a7-4bda-a2e2-ce5b2c624d58/source 200 106 ms - 7455
[38;5;0m[HTTP][0m 
[38;5;0m[HTTP][0m [37m-->[39m [37mGET[39m [37m/wd/hub/session/e12427b2-c3a7-4bda-a2e2-ce5b2c624d58/screenshot[39m
[38;5;0m[HTTP][0m {}
[38;5;0m[HTTP][0m <-- GET /wd/hub/session/e12427b2-c3a7-4bda-a2e2-ce5b2c624d58/screenshot 200 855 ms - 102692
[38;5;0m[HTTP][0m 
[38;5;0m[HTTP][0m [37m-->[39m [37mDELETE[39m [37m/wd/hub/session/e12427b2-c3a7-4bda-a2e2-ce5b2c624d58[39m
[38;5;0m[HTTP][0m {}
[38;5;16m[AppiumDriver@4f7f][0m Removing session e12427b2-c3a7-4bda-a2e2-ce5b2c624d58 from our master session list
[38;5;48m[AndroidUiautomator2Driver@c17f (e12427b2)][0m Restoring hidden api policy to the device default configuration
[38;5;0m[HTTP][0m <-- DELETE /wd/hub/session/e12427b2-c3a7-4bda-a2e2-ce5b2c624d58 200 434 ms - 14
[38;5;0m[HTTP][0m 
[Appium] Received SIGTERM - shutting down
[38;5;0m[HTTP][0m Waiting until the server is closed
[38;5;0m[HTTP][0m Received server close event
